<?xml version="1.0" encoding="UTF-8"?>
<!-- Generated by org.testng.reporters.JUnitReportReporter -->
<testsuite hostname="DESKTOP-1QBSVOI" failures="0" tests="4" name="testcases.TC_Login_001" time="48.271" errors="0" timestamp="23 Aug 2022 17:24:44 GMT" skipped="0">
  <testcase classname="testcases.TC_Login_001" name="loginTestValidData" time="10.163"/>
  <testcase classname="testcases.TC_Login_001" name="loginTestInvalidUserPassword" time="12.208"/>
  <testcase classname="testcases.TC_Login_001" name="loginTestInvalidUser" time="14.716"/>
  <testcase classname="testcases.TC_Login_001" name="loginTestInvalidPassword" time="11.184"/>
</testsuite> <!-- testcases.TC_Login_001 -->
