<?xml version="1.0" encoding="UTF-8"?>
<!-- Generated by org.testng.reporters.JUnitReportReporter -->
<testsuite hostname="DESKTOP-1QBSVOI" failures="0" tests="1" name="testcases.TC_Registration_002" time="22.678" errors="0" timestamp="25 Aug 2022 18:33:00 GMT" skipped="0">
  <testcase classname="testcases.TC_Registration_002" name="testWithExistingData" time="22.678"/>
</testsuite> <!-- testcases.TC_Registration_002 -->
