<?xml version="1.0" encoding="UTF-8"?>
<!-- Generated by org.testng.reporters.JUnitReportReporter -->
<testsuite hostname="DESKTOP-1QBSVOI" failures="0" tests="1" name="testcases.TC_Order_003" time="96.435" errors="0" timestamp="26 Aug 2022 22:55:10 GMT" skipped="0">
  <testcase classname="testcases.TC_Order_003" name="testValidOrder" time="96.435"/>
</testsuite> <!-- testcases.TC_Order_003 -->
